app/build/outputs/logs/manifest-merger-debug-report.txt
-- Merging decision tree log ---
manifest
ADDED from AndroidManifest.xml:2:1
	package
		ADDED from AndroidManifest.xml:3:5
		INJECTED from AndroidManifest.xml:0:0
		INJECTED from AndroidManifest.xml:0:0
	android:versionName
		ADDED from AndroidManifest.xml:5:5
	android:versionCode
		ADDED from AndroidManifest.xml:4:5
		INJECTED from AndroidManifest.xml:0:0
		INJECTED from AndroidManifest.xml:0:0
	xmlns:android
		ADDED from AndroidManifest.xml:2:11
uses-sdk
ADDED from AndroidManifest.xml:7:5
MERGED from com.android.support:support-v4:21.0.3:15:5
	android:targetSdkVersion
		ADDED from AndroidManifest.xml:9:9
		INJECTED from AndroidManifest.xml:0:0
		INJECTED from AndroidManifest.xml:0:0
	android:minSdkVersion
		ADDED from AndroidManifest.xml:8:9
		INJECTED from AndroidManifest.xml:0:0
		INJECTED from AndroidManifest.xml:0:0
uses-permission#android.permission.ACCESS_FINE_LOCATION
ADDED from AndroidManifest.xml:11:5
	android:name
		ADDED from AndroidManifest.xml:11:22
uses-permission#android.permission.ACCESS_MOCK_LOCATION
ADDED from AndroidManifest.xml:12:5
	android:name
		ADDED from AndroidManifest.xml:12:22
uses-permission#android.permission.ACCESS_COARSE_LOCATION
ADDED from AndroidManifest.xml:13:5
	android:name
		ADDED from AndroidManifest.xml:13:22
uses-permission#android.permission.READ_PHONE_STATE
ADDED from AndroidManifest.xml:14:5
	android:name
		ADDED from AndroidManifest.xml:14:22
uses-permission#android.permission.WRITE_EXTERNAL_STORAGE
ADDED from AndroidManifest.xml:15:5
	android:name
		ADDED from AndroidManifest.xml:15:22
uses-permission#android.permission.INTERNET
ADDED from AndroidManifest.xml:16:5
	android:name
		ADDED from AndroidManifest.xml:16:22
uses-permission#android.permission.ACCESS_NETWORK_STATE
ADDED from AndroidManifest.xml:17:5
	android:name
		ADDED from AndroidManifest.xml:17:22
uses-permission#android.permission.GET_TASKS
ADDED from AndroidManifest.xml:18:5
	android:name
		ADDED from AndroidManifest.xml:18:22
uses-permission#android.permission.READ_CALENDAR
ADDED from AndroidManifest.xml:19:5
	android:name
		ADDED from AndroidManifest.xml:19:22
uses-permission#android.permission.WRITE_CALENDAR
ADDED from AndroidManifest.xml:20:5
	android:name
		ADDED from AndroidManifest.xml:20:22
application
ADDED from AndroidManifest.xml:22:5
MERGED from com.android.support:support-v4:21.0.3:16:5
	android:screenOrientation
		ADDED from AndroidManifest.xml:27:9
	android:label
		ADDED from AndroidManifest.xml:26:9
	android:allowBackup
		ADDED from AndroidManifest.xml:24:9
	android:icon
		ADDED from AndroidManifest.xml:25:9
	android:largeHeap
		ADDED from AndroidManifest.xml:28:41
	android:theme
		ADDED from AndroidManifest.xml:28:9
	android:name
		ADDED from AndroidManifest.xml:23:9
activity#com.italo_view.LoginActivity
ADDED from AndroidManifest.xml:30:9
	android:screenOrientation
		ADDED from AndroidManifest.xml:33:13
	android:label
		ADDED from AndroidManifest.xml:32:13
	android:name
		ADDED from AndroidManifest.xml:31:13
intent-filter#android.intent.action.MAIN+android.intent.category.LAUNCHER
ADDED from AndroidManifest.xml:34:13
action#android.intent.action.MAIN
ADDED from AndroidManifest.xml:35:17
	android:name
		ADDED from AndroidManifest.xml:35:25
category#android.intent.category.LAUNCHER
ADDED from AndroidManifest.xml:37:17
	android:name
		ADDED from AndroidManifest.xml:37:27
activity#com.italo_view.MainActivity
ADDED from AndroidManifest.xml:40:9
	android:label
		ADDED from AndroidManifest.xml:43:13
	android:configChanges
		ADDED from AndroidManifest.xml:42:13
	android:name
		ADDED from AndroidManifest.xml:41:13
activity#actividad_diaria.Actividad_Diaria_Consultar
ADDED from AndroidManifest.xml:45:9
	android:screenOrientation
		ADDED from AndroidManifest.xml:47:13
	android:label
		ADDED from AndroidManifest.xml:48:13
	android:name
		ADDED from AndroidManifest.xml:46:13
activity#actividad_diaria.Actividad_Diaria_Menu
ADDED from AndroidManifest.xml:50:9
	android:label
		ADDED from AndroidManifest.xml:52:13
	android:name
		ADDED from AndroidManifest.xml:51:13
activity#actividad_diaria.Actividad_Diaria_Programar_Cobro_Tabs
ADDED from AndroidManifest.xml:54:9
	android:label
		ADDED from AndroidManifest.xml:56:13
	android:name
		ADDED from AndroidManifest.xml:55:13
activity#actividad_diaria.Actividad_Diaria_Programar_Cobro_Pendiente
ADDED from AndroidManifest.xml:58:9
	android:label
		ADDED from AndroidManifest.xml:60:13
	android:name
		ADDED from AndroidManifest.xml:59:13
activity#actividad_diaria.Actividad_Diaria_Crear
ADDED from AndroidManifest.xml:62:9
	android:screenOrientation
		ADDED from AndroidManifest.xml:64:13
	android:label
		ADDED from AndroidManifest.xml:65:13
	android:name
		ADDED from AndroidManifest.xml:63:13
activity#indicadores.Indicadores
ADDED from AndroidManifest.xml:67:9
	android:label
		ADDED from AndroidManifest.xml:69:13
	android:name
		ADDED from AndroidManifest.xml:68:13
activity#paretos.Paretos
ADDED from AndroidManifest.xml:71:9
	android:label
		ADDED from AndroidManifest.xml:73:13
	android:name
		ADDED from AndroidManifest.xml:72:13
activity#indicadores.Indicadores_Cobros_Resumen
ADDED from AndroidManifest.xml:75:9
	android:label
		ADDED from AndroidManifest.xml:77:13
	android:name
		ADDED from AndroidManifest.xml:76:13
activity#cliente.Cliente
ADDED from AndroidManifest.xml:79:9
	android:label
		ADDED from AndroidManifest.xml:81:13
	android:name
		ADDED from AndroidManifest.xml:80:13
activity#cartera.Cartera
ADDED from AndroidManifest.xml:83:9
	android:label
		ADDED from AndroidManifest.xml:85:13
	android:name
		ADDED from AndroidManifest.xml:84:13
activity#cartera.Cartera_Detalles
ADDED from AndroidManifest.xml:87:9
	android:label
		ADDED from AndroidManifest.xml:89:13
	android:name
		ADDED from AndroidManifest.xml:88:13
activity#cartera.Cartera_Buscar_X_Cliente
ADDED from AndroidManifest.xml:91:9
	android:label
		ADDED from AndroidManifest.xml:93:13
	android:name
		ADDED from AndroidManifest.xml:92:13
activity#pedidos_negados.Pedidos_Negados
ADDED from AndroidManifest.xml:95:9
	android:label
		ADDED from AndroidManifest.xml:97:13
	android:name
		ADDED from AndroidManifest.xml:96:13
activity#articulos.Articulos
ADDED from AndroidManifest.xml:99:9
	android:label
		ADDED from AndroidManifest.xml:102:13
	android:configChanges
		ADDED from AndroidManifest.xml:101:13
	android:name
		ADDED from AndroidManifest.xml:100:13
activity#articulos.Articulos_Detalles_Promocion
ADDED from AndroidManifest.xml:104:9
	android:label
		ADDED from AndroidManifest.xml:106:13
	android:name
		ADDED from AndroidManifest.xml:105:13
activity#articulos.Articulos_Detalles_Descripcion
ADDED from AndroidManifest.xml:108:9
	android:label
		ADDED from AndroidManifest.xml:110:13
	android:name
		ADDED from AndroidManifest.xml:109:13
activity#consignaciones.Consignaciones
ADDED from AndroidManifest.xml:112:9
	android:label
		ADDED from AndroidManifest.xml:114:13
	android:name
		ADDED from AndroidManifest.xml:113:13
activity#consignaciones.Consignaciones_Adicionar
ADDED from AndroidManifest.xml:116:9
	android:label
		ADDED from AndroidManifest.xml:118:13
	android:name
		ADDED from AndroidManifest.xml:117:13
activity#consignaciones.Consignaciones_Consultar
ADDED from AndroidManifest.xml:120:9
	android:label
		ADDED from AndroidManifest.xml:122:13
	android:name
		ADDED from AndroidManifest.xml:121:13
activity#cliente.Cliente_Contactos
ADDED from AndroidManifest.xml:124:9
	android:label
		ADDED from AndroidManifest.xml:126:13
	android:name
		ADDED from AndroidManifest.xml:125:13
activity#cliente.Cliente_Contactos_Crear
ADDED from AndroidManifest.xml:128:9
	android:label
		ADDED from AndroidManifest.xml:130:13
	android:name
		ADDED from AndroidManifest.xml:129:13
activity#cliente.Cliente_Contactos_Modificar
ADDED from AndroidManifest.xml:132:9
	android:label
		ADDED from AndroidManifest.xml:134:13
	android:name
		ADDED from AndroidManifest.xml:133:13
activity#cliente.Cliente_Horarios
ADDED from AndroidManifest.xml:136:9
	android:label
		ADDED from AndroidManifest.xml:138:13
	android:name
		ADDED from AndroidManifest.xml:137:13
activity#cliente.Cliente_Horarios_Crear
ADDED from AndroidManifest.xml:140:9
	android:label
		ADDED from AndroidManifest.xml:142:13
	android:name
		ADDED from AndroidManifest.xml:141:13
activity#com.italo_viewcliente.Cliente_Horarios_Modificar
ADDED from AndroidManifest.xml:144:9
	android:label
		ADDED from AndroidManifest.xml:146:13
	android:name
		ADDED from AndroidManifest.xml:145:13
activity#cliente.Cliente_Consultas
ADDED from AndroidManifest.xml:148:9
	android:label
		ADDED from AndroidManifest.xml:150:13
	android:name
		ADDED from AndroidManifest.xml:149:13
activity#cliente.Cliente_Consultas_Pedidos
ADDED from AndroidManifest.xml:152:9
	android:label
		ADDED from AndroidManifest.xml:154:13
	android:name
		ADDED from AndroidManifest.xml:153:13
activity#cliente.Cliente_Consultas_Datos_Del_Cliente_General
ADDED from AndroidManifest.xml:156:9
	android:label
		ADDED from AndroidManifest.xml:158:13
	android:name
		ADDED from AndroidManifest.xml:157:13
activity#cliente.Cliente_Consultas_Datos_Del_Cliente_Financiera
ADDED from AndroidManifest.xml:160:9
	android:label
		ADDED from AndroidManifest.xml:162:13
	android:name
		ADDED from AndroidManifest.xml:161:13
activity#cliente.Cliente_Consultas_Datos_Del_Cliente_Comercial
ADDED from AndroidManifest.xml:164:9
	android:label
		ADDED from AndroidManifest.xml:166:13
	android:name
		ADDED from AndroidManifest.xml:165:13
activity#cliente.Cliente_Consultas_Historicos_Pedidos
ADDED from AndroidManifest.xml:168:9
	android:label
		ADDED from AndroidManifest.xml:170:13
	android:name
		ADDED from AndroidManifest.xml:169:13
activity#cliente.Cliente_Consultas_Historicos_Recaudos
ADDED from AndroidManifest.xml:172:9
	android:label
		ADDED from AndroidManifest.xml:174:13
	android:name
		ADDED from AndroidManifest.xml:173:13
activity#cliente.Cliente_Consultas_Historicos_Otros_Eventos
ADDED from AndroidManifest.xml:176:9
	android:label
		ADDED from AndroidManifest.xml:178:13
	android:name
		ADDED from AndroidManifest.xml:177:13
activity#cliente.Cliente_Consultas_Otros_Eventos
ADDED from AndroidManifest.xml:180:9
	android:label
		ADDED from AndroidManifest.xml:182:13
	android:name
		ADDED from AndroidManifest.xml:181:13
activity#actividad_diaria.Actividad_Diaria_Extraruta
ADDED from AndroidManifest.xml:184:9
	android:label
		ADDED from AndroidManifest.xml:186:13
	android:name
		ADDED from AndroidManifest.xml:185:13
activity#cliente.Cliente_Sucursales
ADDED from AndroidManifest.xml:188:9
	android:label
		ADDED from AndroidManifest.xml:190:13
	android:name
		ADDED from AndroidManifest.xml:189:13
activity#actividad_diaria.Actividad_Diaria_Programar_Cobro
ADDED from AndroidManifest.xml:192:9
	android:label
		ADDED from AndroidManifest.xml:194:13
	android:name
		ADDED from AndroidManifest.xml:193:13
activity#actividad_diaria.Actividad_Diaria_Crear_Paso_2
ADDED from AndroidManifest.xml:196:9
	android:label
		ADDED from AndroidManifest.xml:198:13
	android:name
		ADDED from AndroidManifest.xml:197:13
activity#actividad_diaria.Actividad_Diaria_Crear_Paso_3
ADDED from AndroidManifest.xml:200:9
	android:label
		ADDED from AndroidManifest.xml:202:13
	android:name
		ADDED from AndroidManifest.xml:201:13
activity#actividad_diaria.Actividad_Diaria_Consultar_Motivo_No_Visita
ADDED from AndroidManifest.xml:204:9
	android:screenOrientation
		ADDED from AndroidManifest.xml:206:5
	android:label
		ADDED from AndroidManifest.xml:207:13
	android:name
		ADDED from AndroidManifest.xml:205:13
activity#visita.Visita
ADDED from AndroidManifest.xml:209:9
	android:screenOrientation
		ADDED from AndroidManifest.xml:211:5
	android:label
		ADDED from AndroidManifest.xml:212:13
	android:name
		ADDED from AndroidManifest.xml:210:13
activity#actividad_diaria.Actividad_Diaria_Gestiones
ADDED from AndroidManifest.xml:214:9
	android:label
		ADDED from AndroidManifest.xml:216:13
	android:name
		ADDED from AndroidManifest.xml:215:13
activity#registro_eventos.Registro_De_Eventos
ADDED from AndroidManifest.xml:218:9
	android:label
		ADDED from AndroidManifest.xml:220:13
	android:name
		ADDED from AndroidManifest.xml:219:13
activity#pedidos.Pedidos
ADDED from AndroidManifest.xml:222:9
	android:label
		ADDED from AndroidManifest.xml:224:13
	android:name
		ADDED from AndroidManifest.xml:223:13
activity#pedidos.Pedidos_Nuevo
ADDED from AndroidManifest.xml:226:9
	android:screenOrientation
		ADDED from AndroidManifest.xml:230:13
	android:label
		ADDED from AndroidManifest.xml:229:13
	android:configChanges
		ADDED from AndroidManifest.xml:228:13
	android:name
		ADDED from AndroidManifest.xml:227:13
activity#pedidos.Pedidos_Detalles
ADDED from AndroidManifest.xml:232:9
	android:label
		ADDED from AndroidManifest.xml:234:13
	android:name
		ADDED from AndroidManifest.xml:233:13
activity#cobros.Cobros
ADDED from AndroidManifest.xml:236:9
	android:label
		ADDED from AndroidManifest.xml:238:13
	android:name
		ADDED from AndroidManifest.xml:237:13
activity#cobros.Cobros_Programar_Pagos
ADDED from AndroidManifest.xml:240:9
	android:label
		ADDED from AndroidManifest.xml:242:13
	android:name
		ADDED from AndroidManifest.xml:241:13
activity#cobros.Cobros_Detalles
ADDED from AndroidManifest.xml:244:9
	android:label
		ADDED from AndroidManifest.xml:246:13
	android:name
		ADDED from AndroidManifest.xml:245:13
activity#cobros.Cobros_Pago
ADDED from AndroidManifest.xml:248:9
	android:screenOrientation
		ADDED from AndroidManifest.xml:250:5
	android:label
		ADDED from AndroidManifest.xml:251:13
	android:name
		ADDED from AndroidManifest.xml:249:13
activity#asistente.Asistente
ADDED from AndroidManifest.xml:253:9
	android:label
		ADDED from AndroidManifest.xml:255:13
	android:name
		ADDED from AndroidManifest.xml:254:13
activity#asistente.Asistente_Efectividad_De_Visita
ADDED from AndroidManifest.xml:257:9
	android:label
		ADDED from AndroidManifest.xml:260:13
	android:configChanges
		ADDED from AndroidManifest.xml:259:13
	android:name
		ADDED from AndroidManifest.xml:258:13
activity#asistente.Asistente_Asistente_General
ADDED from AndroidManifest.xml:262:9
	android:label
		ADDED from AndroidManifest.xml:265:13
	android:configChanges
		ADDED from AndroidManifest.xml:264:13
	android:name
		ADDED from AndroidManifest.xml:263:13
activity#asistente.Asistente_Presupuesto_Cartera
ADDED from AndroidManifest.xml:267:9
	android:label
		ADDED from AndroidManifest.xml:270:13
	android:configChanges
		ADDED from AndroidManifest.xml:269:13
	android:name
		ADDED from AndroidManifest.xml:268:13
activity#asistente.Asistente_Presupuesto_Articulos
ADDED from AndroidManifest.xml:272:9
	android:label
		ADDED from AndroidManifest.xml:275:13
	android:configChanges
		ADDED from AndroidManifest.xml:274:13
	android:name
		ADDED from AndroidManifest.xml:273:13
activity#asistente.Asistente_Acumulado_De_Ventas
ADDED from AndroidManifest.xml:277:9
	android:label
		ADDED from AndroidManifest.xml:280:13
	android:configChanges
		ADDED from AndroidManifest.xml:279:13
	android:name
		ADDED from AndroidManifest.xml:278:13
activity#com.italo_view.Indicadores_Tabs
ADDED from AndroidManifest.xml:282:9
	android:label
		ADDED from AndroidManifest.xml:284:13
	android:name
		ADDED from AndroidManifest.xml:283:13
activity#indicadores.Indicadores_Tab
ADDED from AndroidManifest.xml:286:9
	android:label
		ADDED from AndroidManifest.xml:288:13
	android:name
		ADDED from AndroidManifest.xml:287:13
activity#indicadores.Indicadores_Pedidos_Resumen
ADDED from AndroidManifest.xml:290:9
	android:label
		ADDED from AndroidManifest.xml:292:13
	android:name
		ADDED from AndroidManifest.xml:291:13
activity#cliente.Cliente_Consultas_Historicos_Tabs
ADDED from AndroidManifest.xml:294:9
	android:label
		ADDED from AndroidManifest.xml:296:13
	android:name
		ADDED from AndroidManifest.xml:295:13
activity#cliente.Cliente_Consultas_Datos_Del_Cliente_Tabs
ADDED from AndroidManifest.xml:298:9
	android:label
		ADDED from AndroidManifest.xml:300:13
	android:name
		ADDED from AndroidManifest.xml:299:13
activity#pedidos.Pedidos_Tabs
ADDED from AndroidManifest.xml:302:9
	android:label
		ADDED from AndroidManifest.xml:304:13
	android:name
		ADDED from AndroidManifest.xml:303:13
activity#pedidos.Pedidos_Encabezado
ADDED from AndroidManifest.xml:306:9
	android:label
		ADDED from AndroidManifest.xml:308:13
	android:name
		ADDED from AndroidManifest.xml:307:13
activity#pedidos.Pedidos_Descripcion
ADDED from AndroidManifest.xml:310:9
	android:label
		ADDED from AndroidManifest.xml:312:13
	android:name
		ADDED from AndroidManifest.xml:311:13
activity#pedidos.Pedidos_Promociones
ADDED from AndroidManifest.xml:314:9
	android:label
		ADDED from AndroidManifest.xml:316:13
	android:name
		ADDED from AndroidManifest.xml:315:13
activity#consignaciones.Consignaciones_Tab
ADDED from AndroidManifest.xml:318:9
	android:label
		ADDED from AndroidManifest.xml:320:13
	android:name
		ADDED from AndroidManifest.xml:319:13
activity#consignaciones.Consignaciones_Efectuadas
ADDED from AndroidManifest.xml:322:9
	android:label
		ADDED from AndroidManifest.xml:324:13
	android:name
		ADDED from AndroidManifest.xml:323:13
activity#asistente.Asistente_Facturacion
ADDED from AndroidManifest.xml:326:9
	android:label
		ADDED from AndroidManifest.xml:329:13
	android:configChanges
		ADDED from AndroidManifest.xml:328:13
	android:name
		ADDED from AndroidManifest.xml:327:13
activity#org.achartengine.chartdemo.demo.chart.XYChartBuilder
ADDED from AndroidManifest.xml:331:9
	android:name
		ADDED from AndroidManifest.xml:331:19
activity#org.achartengine.chartdemo.demo.chart.PieChartBuilder
ADDED from AndroidManifest.xml:332:9
	android:name
		ADDED from AndroidManifest.xml:332:19
activity#org.achartengine.GraphicalActivity
ADDED from AndroidManifest.xml:333:9
	android:name
		ADDED from AndroidManifest.xml:333:19
activity#com.italo_view.GeneratedChartDemo
ADDED from AndroidManifest.xml:334:9
	android:name
		ADDED from AndroidManifest.xml:334:19
activity#cobros.Cobros_Del_Dia
ADDED from AndroidManifest.xml:335:9
	android:label
		ADDED from AndroidManifest.xml:337:13
	android:name
		ADDED from AndroidManifest.xml:336:13
activity#visita.Visita_Tabs
ADDED from AndroidManifest.xml:339:9
	android:label
		ADDED from AndroidManifest.xml:341:13
	android:name
		ADDED from AndroidManifest.xml:340:13
activity#visita.Visita_Sucursales
ADDED from AndroidManifest.xml:343:9
	android:label
		ADDED from AndroidManifest.xml:345:13
	android:name
		ADDED from AndroidManifest.xml:344:13
activity#cobros.Cobros_Tabs
ADDED from AndroidManifest.xml:347:9
	android:label
		ADDED from AndroidManifest.xml:349:13
	android:name
		ADDED from AndroidManifest.xml:348:13
activity#cobros.Cobros_Del_Dia_Consultas
ADDED from AndroidManifest.xml:351:9
	android:label
		ADDED from AndroidManifest.xml:353:13
	android:name
		ADDED from AndroidManifest.xml:352:13
activity#cobros.Cobros_Pago_Tabs
ADDED from AndroidManifest.xml:355:9
	android:label
		ADDED from AndroidManifest.xml:357:13
	android:name
		ADDED from AndroidManifest.xml:356:13
activity#cobros.Cobros_Pago_Tipo
ADDED from AndroidManifest.xml:359:9
	android:label
		ADDED from AndroidManifest.xml:361:13
	android:name
		ADDED from AndroidManifest.xml:360:13
activity#cobros.Cobros_Pago_Resumen
ADDED from AndroidManifest.xml:363:9
	android:label
		ADDED from AndroidManifest.xml:365:13
	android:name
		ADDED from AndroidManifest.xml:364:13
activity#registro_eventos.Registro_De_Eventos_Tabs
ADDED from AndroidManifest.xml:367:9
	android:label
		ADDED from AndroidManifest.xml:369:13
	android:name
		ADDED from AndroidManifest.xml:368:13
activity#registro_eventos.Registro_De_Eventos_Visita
ADDED from AndroidManifest.xml:371:9
	android:label
		ADDED from AndroidManifest.xml:373:13
	android:name
		ADDED from AndroidManifest.xml:372:13
activity#pedidos.Pedidos_Lista
ADDED from AndroidManifest.xml:375:9
	android:label
		ADDED from AndroidManifest.xml:377:13
	android:name
		ADDED from AndroidManifest.xml:376:13
activity#pedidos.Pedidos_Detalles_Tabs
ADDED from AndroidManifest.xml:379:9
	android:label
		ADDED from AndroidManifest.xml:381:13
	android:name
		ADDED from AndroidManifest.xml:380:13
activity#pedidos.Pedidos_Detalles_Lista
ADDED from AndroidManifest.xml:383:9
	android:label
		ADDED from AndroidManifest.xml:385:13
	android:name
		ADDED from AndroidManifest.xml:384:13
activity#pedidos.Pedidos_Captura_Finalizar_Tabs
ADDED from AndroidManifest.xml:387:9
	android:label
		ADDED from AndroidManifest.xml:389:13
	android:name
		ADDED from AndroidManifest.xml:388:13
activity#pedidos.Pedidos_Captura_Finalizar_Promo
ADDED from AndroidManifest.xml:391:9
	android:label
		ADDED from AndroidManifest.xml:393:13
	android:name
		ADDED from AndroidManifest.xml:392:13
activity#pedidos.Pedidos_Captura_Finalizar_Temp
ADDED from AndroidManifest.xml:395:9
	android:label
		ADDED from AndroidManifest.xml:397:13
	android:name
		ADDED from AndroidManifest.xml:396:13
activity#pedidos.Pedidos_Captura_Finalizar_SinPedir
ADDED from AndroidManifest.xml:399:9
	android:screenOrientation
		ADDED from AndroidManifest.xml:402:13
	android:label
		ADDED from AndroidManifest.xml:401:13
	android:name
		ADDED from AndroidManifest.xml:400:13
activity#pedidos.Pedidos_Captura
ADDED from AndroidManifest.xml:404:9
	android:label
		ADDED from AndroidManifest.xml:406:13
	android:name
		ADDED from AndroidManifest.xml:405:13
activity#pedidos.Pedidos_Captura_Hermanos
ADDED from AndroidManifest.xml:408:9
	android:label
		ADDED from AndroidManifest.xml:410:13
	android:name
		ADDED from AndroidManifest.xml:409:13
activity#pedidos.Pedidos_Captura_Primos
ADDED from AndroidManifest.xml:412:9
	android:label
		ADDED from AndroidManifest.xml:414:13
	android:name
		ADDED from AndroidManifest.xml:413:13
service#easysync.EasySyncService
ADDED from AndroidManifest.xml:417:9
	android:screenOrientation
		ADDED from AndroidManifest.xml:419:13
	android:name
		ADDED from AndroidManifest.xml:418:13
service#easygps.EasyGpsItaloService
ADDED from AndroidManifest.xml:421:9
	android:screenOrientation
		ADDED from AndroidManifest.xml:423:13
	android:name
		ADDED from AndroidManifest.xml:422:13
activity#cobros.Cobros_Pago_Efectivo
ADDED from AndroidManifest.xml:426:9
	android:screenOrientation
		ADDED from AndroidManifest.xml:428:13
	android:label
		ADDED from AndroidManifest.xml:429:13
	android:name
		ADDED from AndroidManifest.xml:427:13
activity#cobros.Cobros_Pago_Cheque
ADDED from AndroidManifest.xml:431:9
	android:screenOrientation
		ADDED from AndroidManifest.xml:433:13
	android:label
		ADDED from AndroidManifest.xml:434:13
	android:name
		ADDED from AndroidManifest.xml:432:13
activity#cobros.Cobros_Pago_Doc_Negativo
ADDED from AndroidManifest.xml:436:9
	android:screenOrientation
		ADDED from AndroidManifest.xml:438:13
	android:label
		ADDED from AndroidManifest.xml:439:13
	android:name
		ADDED from AndroidManifest.xml:437:13
activity#cobros.Cobros_Pago_Cheque_Postfechado
ADDED from AndroidManifest.xml:441:9
	android:label
		ADDED from AndroidManifest.xml:443:13
	android:name
		ADDED from AndroidManifest.xml:442:13
activity#articulos.Image_zoom
ADDED from AndroidManifest.xml:445:9
	android:label
		ADDED from AndroidManifest.xml:447:13
	android:name
		ADDED from AndroidManifest.xml:446:13
activity#cobros.Cobros_Pago_Transferencia
ADDED from AndroidManifest.xml:449:9
	android:screenOrientation
		ADDED from AndroidManifest.xml:451:13
	android:label
		ADDED from AndroidManifest.xml:452:13
	android:name
		ADDED from AndroidManifest.xml:450:13
activity#cobros.Cobros_Pago_Descuento_Pronto_Pago
ADDED from AndroidManifest.xml:454:9
	android:label
		ADDED from AndroidManifest.xml:456:13
	android:name
		ADDED from AndroidManifest.xml:455:13
activity#cobros.Cobros_Pago_Consignaciones
ADDED from AndroidManifest.xml:458:9
	android:screenOrientation
		ADDED from AndroidManifest.xml:460:13
	android:label
		ADDED from AndroidManifest.xml:461:13
	android:name
		ADDED from AndroidManifest.xml:459:13
activity#cobros.Cobros_Sincronizados
ADDED from AndroidManifest.xml:463:9
	android:label
		ADDED from AndroidManifest.xml:465:13
	android:name
		ADDED from AndroidManifest.xml:464:13
activity#visita.Visita_Menu
ADDED from AndroidManifest.xml:467:9
	android:label
		ADDED from AndroidManifest.xml:469:13
	android:name
		ADDED from AndroidManifest.xml:468:13
activity#asistente.Asistente_Presupuesto_Ventas
ADDED from AndroidManifest.xml:471:9
	android:label
		ADDED from AndroidManifest.xml:474:13
	android:configChanges
		ADDED from AndroidManifest.xml:473:13
	android:name
		ADDED from AndroidManifest.xml:472:13
activity#cartera.Cartera_Resumen_Pagos
ADDED from AndroidManifest.xml:476:9
	android:label
		ADDED from AndroidManifest.xml:478:13
	android:name
		ADDED from AndroidManifest.xml:477:13
activity#cobros_programados.Cobros_Programados
ADDED from AndroidManifest.xml:480:9
	android:name
		ADDED from AndroidManifest.xml:480:19
activity#cobros_programados.Programar_Cobro
ADDED from AndroidManifest.xml:481:9
	android:name
		ADDED from AndroidManifest.xml:481:19